<?xml version="1.0" encoding="UTF-8"?>
<testsuite name="agh.ii.prinjava.lab01.lst01_09.HelloJavaRecordTest" tests="1" skipped="0" failures="0" errors="0" timestamp="2023-09-20T09:01:01" hostname="TOMTOM" time="0.017">
  <properties/>
  <testcase name="demo2()" classname="agh.ii.prinjava.lab01.lst01_09.HelloJavaRecordTest" time="0.017"/>
  <system-out><![CDATA[]]></system-out>
  <system-err><![CDATA[]]></system-err>
</testsuite>
