<?xml version="1.0" encoding="UTF-8"?>
<testsuite name="agh.ii.prinjava.lab01.lst01_08.MainTest" tests="1" skipped="0" failures="0" errors="0" timestamp="2023-09-20T10:07:25" hostname="TOMTOM" time="0.036">
  <properties/>
  <testcase name="testLazySingleton()" classname="agh.ii.prinjava.lab01.lst01_08.MainTest" time="0.036"/>
  <system-out><![CDATA[]]></system-out>
  <system-err><![CDATA[]]></system-err>
</testsuite>
