<?xml version="1.0" encoding="UTF-8"?>
<testsuite name="agh.ii.prinjava.proj1.impl.DLinkListTest" tests="5" skipped="0" failures="0" errors="0" timestamp="2023-10-20T14:29:24" hostname="TOMTOM" time="0.062">
  <properties/>
  <testcase name="testAddLast()" classname="agh.ii.prinjava.proj1.impl.DLinkListTest" time="0.046"/>
  <testcase name="testToString()" classname="agh.ii.prinjava.proj1.impl.DLinkListTest" time="0.002"/>
  <testcase name="testRemoveFirst()" classname="agh.ii.prinjava.proj1.impl.DLinkListTest" time="0.002"/>
  <testcase name="testAddFirst()" classname="agh.ii.prinjava.proj1.impl.DLinkListTest" time="0.002"/>
  <testcase name="testRemoveLast()" classname="agh.ii.prinjava.proj1.impl.DLinkListTest" time="0.001"/>
  <system-out><![CDATA[]]></system-out>
  <system-err><![CDATA[]]></system-err>
</testsuite>
